Machine-level Assembler Version 6.1    Sun Mar 15 22:14:30 2009

  LOC    OBJ   SOURCE
hex*dec

               ;--------------------------------------------------------------
               ; Translate the program 7.55 to assembly language
               ;--------------------------------------------------------------
               
               ;-------------------
               ; void f()
               ;-------------------
               
0  *0    F501  f:	aloc	1	; int x = y;
1  *1    000B  	ld	s0_y
2  *2    5000  	str	0
               
3  *3    4000  	ldr	0	; cout << x << endl
4  *4    FFFD  	dout
5  *5    800A  	ldc	'\n'
6  *6    FFFB  	aout
               
7  *7    F601  	dloc	1
               
8  *8    F000  	ret		; return to the calling function
               
               
               ;-------------------
               ; main()
               ;-------------------
               
9  *9    E000  main:	call	f	; f()
               
A  *10   FFFF  	halt		; end of the program
               
               	end main
               
               
               ; GLOBAL VARIABLES
               
B  *11   0003  s0_y:	dw	3
               
C  *12   ========= end of program.mas ============================


         Symbol/Cross-Reference Table

Symbol                   Address     References
                          (hex)       (hex)

 f                         0           9  
 main                      9           B  
 s0_y                      B           1  

Input file   = program.mas
Output file  = program.mac
List file    = program.lst 
Number base  = decimal
Label status = case sensitive
