Machine-level Assembler Version 6.1    Fri May  1 17:58:12 2009

  LOC    OBJ   SOURCE
hex*dec

               ;---------------------------------------------------------------
               ; Translate the program 9.17 to assembly language.
               ;---------------------------------------------------------------
               
               ;------------------------
               ; void f(A **p)
               ;------------------------
               
0  *0    8001  @f$ppA:	ldc	1	; (*p)->x = 1;
1  *1    F300  	push
2  *2    4002  	ldr	2
3  *3    F100  	ldi
4  *4    F200  	sti
               
5  *5    8002  	ldc	2	; (*p)->y = 2;
6  *6    F300  	push
7  *7    4002  	ldr	2
8  *8    F100  	ldi
9  *9    202C  	add	@1
A  *10   F200  	sti
               
B  *11   8029  	ldc	s	; cout << s.x << endl;
C  *12   F100  	ldi	
D  *13   FFFD  	dout
E  *14   800A  	ldc	'\n'
F  *15   FFFB  	aout
               	
10 *16   8029  	ldc	s	; cout << s.y << endl;
11 *17   202C  	add	@1
12 *18   F100  	ldi
13 *19   FFFD  	dout
14 *20   800A  	ldc	'\n'
15 *21   FFFB  	aout	
               
16 *22   F000  	ret
               
               ;-----------------------
               ; main()
               ;-----------------------
17 *23   8029  main:	ldc	s	; p = &s;
18 *24   102B  	st	p
               
19 *25   802B  	ldc	p	; f(&p);
1A *26   F300  	push
1B *27   E000  	call	@f$ppA
1C *28   F601  	dloc	1
               	
1D *29   8029  	ldc	s	; cout << s.x << endl;
1E *30   F100  	ldi	
1F *31   FFFD  	dout
20 *32   800A  	ldc	'\n'
21 *33   FFFB  	aout
               	
22 *34   8029  	ldc	s	; cout << s.y << endl;
23 *35   202C  	add	@1
24 *36   F100  	ldi
25 *37   FFFD  	dout
26 *38   800A  	ldc	'\n'
27 *39   FFFB  	aout	
               
28 *40   FFFF  	halt
               	end main
               
               ; Global variables
               
29 *41   0000  s:	dw 2 dup 0	; A s;
2B *43   0000  p:	dw	0	; A *p;
               
2C *44   0001  @1:	dw	1
               
               
2D *45   ========= end of program.mas ============================


         Symbol/Cross-Reference Table

Symbol                   Address     References
                          (hex)       (hex)

 @f$ppA                    0           1B 
 main                      17          29 
 s                         29          B   10  17  1D  22 
 p                         2B          18  19 
 @1                        2C          9   11  23 

Input file   = program.mas
Output file  = program.mac
List file    = program.lst 
Number base  = decimal
Label status = case sensitive
