Machine-level Assembler Version 6.1    Sat May  9 18:48:16 2009

  LOC    OBJ   SOURCE
hex*dec

0  *0    8005  x:	ldc	msg
1  *1    FFFB  	aout	
2  *2    800A  	ldc	'\n'
3  *3    FFFB  	aout
4  *4    FFFF  	halt
               
5  *5    0068  msg:	dw	"hola"
6  *6    006F
7  *7    006C
8  *8    0061
9  *9    0000
               
               public	x
A  *10   ========= end of module1.mas ============================


         Symbol/Cross-Reference Table

Symbol                   Address     References
                          (hex)       (hex)

 x                         0           A  
 msg                       5           0  

Input file   = module1.mas
Output file  = module1.mob
List file    = module1.lst 
Number base  = decimal
Label status = case sensitive
