Machine-level Assembler Version 6.1    Wed Dec 17 23:46:46 2008

  LOC    OBJ   SOURCE
hex*dec

0  *0    0007  	dw   x
1  *1    2008  	add  y
2  *2    1009  	st   z
3  *3    0009  	dw   z
4  *4    2009  	add  z
5  *5    1009  	st   z
6  *6    FFFF  	halt
7  *7    0005  x:	dw   5
8  *8    0017  y:	dw   23
9  *9    0000  z:	dw   0
A  *10   ========= end of program22.mas ==========================


         Symbol/Cross-Reference Table

Symbol                   Address     References
                          (hex)       (hex)

 x                         7           0  
 y                         8           1  
 z                         9           2   3   4   5  

Input file   = program22.mas
Output file  = program22.mac
List file    = program22.lst 
Number base  = decimal
Label status = case sensitive
