Machine-level Assembler Version 6.1    Tue May 12 21:45:15 2009

  LOC    OBJ   SOURCE
hex*dec

               ;----------------------------
               ; Example 10.3
               ; Relocatable fields
               ;----------------------------
               
0  *0    9004  	ja	add
1  *1    0001  x:	dw	1
2  *2    0008  y:	dw	8
3  *3    0000  z:	dw	0
4  *4    0001  add:	ld	x
5  *5    2002  	add	y
6  *6    1003  	st	z
7  *7    FFFF  	halt
8  *8    ========= end of program.mas ============================


         Symbol/Cross-Reference Table

Symbol                   Address     References
                          (hex)       (hex)

 x                         1           4  
 y                         2           5  
 z                         3           6  
 add                       4           0  

Input file   = program.mas
Output file  = program.mac
List file    = program.lst 
Number base  = decimal
Label status = case sensitive
