Machine-level Assembler Version 6.1    Sun Mar 15 17:13:36 2009

  LOC    OBJ   SOURCE
hex*dec

               ;------------------------------------------------------------
               ; Translate the program 7.50 to assembly language
               ;------------------------------------------------------------
               
               ;-------------------------
               ; void f(int x)
               ;------------------------- 
               
0  *0    4001  f:	ldr	1	; x++;
1  *1    2019  	add	@1
2  *2    5001  	str	1
               
3  *3    4001  	ldr	1	; cout << x << endl;
4  *4    FFFD  	dout
5  *5    800A  	ldc	'\n'
6  *6    FFFB  	aout
               
7  *7    F000  	ret		; return to the calling function
               
               ;---------------------------
               ; main()
               ;---------------------------
               
8  *8    8005  main:	ldc	5	; f(x + y + 5);
9  *9    2018  	add	y
A  *10   2017  	add	x
B  *11   F300  	push
C  *12   E000  	call	f
D  *13   F601  	dloc	1
               
E  *14   0017  	ld	x	; cout << x << " " << y << endl;
F  *15   FFFD  	dout
10 *16   801A  	ldc	msg
11 *17   FFF7  	sout
12 *18   0018  	ld	y
13 *19   FFFD  	dout
14 *20   800A  	ldc	'\n'
15 *21   FFFB  	aout
               
16 *22   FFFF  	halt		; end of the program
               
               	end main
               
               ; GLOBAL VARIABLES
17 *23   0001  x:	dw	1
18 *24   0002  y:	dw	2
19 *25   0001  @1:	dw	1
1A *26   0020  msg:	dw	" "
1B *27   0000
               
1C *28   ========= end of program.mas ============================


         Symbol/Cross-Reference Table

Symbol                   Address     References
                          (hex)       (hex)

 f                         0           C  
 main                      8           17 
 x                         17          A   E  
 y                         18          9   12 
 @1                        19          1  
 msg                       1A          10 

Input file   = program.mas
Output file  = program.mac
List file    = program.lst 
Number base  = decimal
Label status = case sensitive
