Machine-level Assembler Version 6.1    Sun Mar 15 18:44:43 2009

  LOC    OBJ   SOURCE
hex*dec

               ;--------------------------------------------------------------
               ; Translate the program 7.52 to assembly language
               ;--------------------------------------------------------------
               
               ;-----------------------
               ; void f(int x)
               ;-----------------------
               
0  *0    8015  f:	ldc	msg_x	; cout << "x = " << x << endl;
1  *1    FFF7  	sout
2  *2    4001  	ldr	1
3  *3    FFFD  	dout
4  *4    800A  	ldc	'\n'
5  *5    FFFB  	aout
               
6  *6    801A  	ldc	msg_a	; cout << "a = " << x << endl;
7  *7    FFF7  	sout
8  *8    0014  	ld	a
9  *9    FFFD  	dout
A  *10   800A  	ldc	'\n'
B  *11   FFFB  	aout
               	
C  *12   F000  	ret		; return to the calling function
               
               
               ;-----------------------
               ; main()
               ;-----------------------
               
D  *13   0014  main:	ld	a	; f(a++); a is incremented before f is executed
E  *14   F300  	push
F  *15   201F  	add	@1
10 *16   1014  	st	a
11 *17   E000  	call	f
12 *18   F601  	dloc	1	
               
13 *19   FFFF  	halt		; end of the program		
               
               	end main
               
               ; GLOBAL VARIABLES
               
14 *20   0005  a:	dw	5
15 *21   0078  msg_x:	dw	"x = "
16 *22   0020
17 *23   003D
18 *24   0020
19 *25   0000
1A *26   0061  msg_a:	dw	"a = "
1B *27   0020
1C *28   003D
1D *29   0020
1E *30   0000
1F *31   0001  @1:	dw	1
20 *32   ========= end of program.mas ============================


         Symbol/Cross-Reference Table

Symbol                   Address     References
                          (hex)       (hex)

 f                         0           11 
 main                      D           14 
 a                         14          8   D   10 
 msg_x                     15          0  
 msg_a                     1A          6  
 @1                        1F          F  

Input file   = program.mas
Output file  = program.mac
List file    = program.lst 
Number base  = decimal
Label status = case sensitive
