Machine-level Assembler Version 6.1    Mon May  4 15:28:40 2009

  LOC    OBJ   SOURCE
hex*dec

               ;---------------------------------------------------------------
               ; kangaroo.mas
               ;---------------------------------------------------------------
               
0  *0    8017  main:	ldc	@m0	; cout << "argc = " << argc << endl;
1  *1    FFF7  	sout
2  *2    4001  	ldr	1
3  *3    FFFD  	dout
4  *4    800A  	ldc	'\n'
5  *5    FFFB  	aout
               
6  *6    8022  	ldc	@m1	; cout << "argv[0]" << argv[0] << endl;
7  *7    FFF7  	sout
8  *8    4002  	ldr	2
9  *9    F100  	ldi
A  *10   FFF7  	sout
B  *11   800A  	ldc	'\n'
C  *12   FFFB  	aout
               
D  *13   802D  	ldc	@m2	; cout << "argv[1] = " << argv[1] << endl;
E  *14   FFF7  	sout
F  *15   4002  	ldr	2
10 *16   2038  	add	@1
11 *17   F100  	ldi
12 *18   FFF7  	sout
13 *19   800A  	ldc	'\n'
14 *20   FFFB  	aout
               
15 *21   8000  	ldc	0
16 *22   F000  	ret
17 *23   0061  @m0:	dw	"argc    = "
18 *24   0072
19 *25   0067
1A *26   0063
1B *27   0020
1C *28   0020
1D *29   0020
1E *30   0020
1F *31   003D
20 *32   0020
21 *33   0000
22 *34   0061  @m1:	dw	"argv[0] = "
23 *35   0072
24 *36   0067
25 *37   0076
26 *38   005B
27 *39   0030
28 *40   005D
29 *41   0020
2A *42   003D
2B *43   0020
2C *44   0000
2D *45   0061  @m2:	dw	"argv[1] = "
2E *46   0072
2F *47   0067
30 *48   0076
31 *49   005B
32 *50   0031
33 *51   005D
34 *52   0020
35 *53   003D
36 *54   0020
37 *55   0000
38 *56   0001  @1:	dw	1
               
               	public main
               
               
               
               
39 *57   ========= end of kangaroo.mas ===========================


         Symbol/Cross-Reference Table

Symbol                   Address     References
                          (hex)       (hex)

 main                      0           39 
 @m0                       17          0  
 @m1                       22          6  
 @m2                       2D          D  
 @1                        38          10 

Input file   = kangaroo.mas
Output file  = kangaroo.mob
List file    = kangaroo.lst 
Number base  = decimal
Label status = case sensitive
