Machine-level Assembler Version 6.1    Sun Mar 15 22:23:26 2009

  LOC    OBJ   SOURCE
hex*dec

               ;---------------------------------------------------------------
               ; Translate program 7.56 to assembly language program
               ;---------------------------------------------------------------
               
               ;----------------
               ; void f()
               ;----------------
               
0  *0    F503  f:	aloc	3	; int x, y, z;
               	
1  *1    8015  	ldc	msg	; cout << "Enter 3 integers\n";
2  *2    FFF7  	sout
               
3  *3    FFFC  	din		; cin >> x >> y >> z;
4  *4    5002  	str	2
5  *5    FFFC  	din
6  *6    5001  	str	1
7  *7    FFFC  	din
8  *8    5000  	str	0
               
9  *9    4002  	ldr	2	; cout << x << y << z << endl;
A  *10   FFFD  	dout
B  *11   4001  	ldr	1
C  *12   FFFD  	dout
D  *13   4000  	ldr	0
E  *14   FFFD  	dout
F  *15   800A  	ldc	'\n'
10 *16   FFFB  	aout
               
11 *17   F603  	dloc	3
               
12 *18   F000  	ret		; return to the calling function
               
               ;-----------------
               ; main()
               ;-----------------
               
13 *19   E000  main:	call	f	; f();
               	
14 *20   FFFF  	halt		; end of the program
               
               	end main
               
               ; GLOBAL VARIABLES
               
15 *21   0045  msg:	dw	"Enter 3 integers\n"
16 *22   006E
17 *23   0074
18 *24   0065
19 *25   0072
1A *26   0020
1B *27   0033
1C *28   0020
1D *29   0069
1E *30   006E
1F *31   0074
20 *32   0065
21 *33   0067
22 *34   0065
23 *35   0072
24 *36   0073
25 *37   000A
26 *38   0000
27 *39   ========= end of program.mas ============================


         Symbol/Cross-Reference Table

Symbol                   Address     References
                          (hex)       (hex)

 f                         0           13 
 main                      13          15 
 msg                       15          1  

Input file   = program.mas
Output file  = program.mac
List file    = program.lst 
Number base  = decimal
Label status = case sensitive
