Machine-level Assembler Version 6.1    Thu Mar 26 23:47:30 2009

  LOC    OBJ   SOURCE
hex*dec

               ;---------------------------------------------------------
               ; Translate the progrm 8.44 to assembly language
               ;---------------------------------------------------------
               
               ;-----------------------
               ; void f(int &x)
               ;-----------------------
               
0  *0    4001  @f$pi:  ldr	1	; x--;
1  *1    F100  	ldi	
2  *2    3021  	sub	@1
3  *3    F300  	push
4  *4    4002  	ldr	2
5  *5    F200  	sti
               
6  *6    4001  	ldr	1	; cout << x << endl;
7  *7    F100  	ldi
8  *8    FFFD  	dout
9  *9    800A  	ldc	'\n'
A  *10   FFFB  	aout
               
B  *11   F000  	ret		; return to the calling function
               
               ;-----------------------
               ; main()
               ;-----------------------
               
C  *12   001F  main:	ld	x	; f(x - y);
D  *13   3020  	sub	y
E  *14   F300  	push
F  *15   F700  	swap
10 *16   1022  	st	@spsave
11 *17   F700  	swap
12 *18   0022  	ld	@spsave
13 *19   F300  	push
14 *20   E000  	call	@f$pi
15 *21   F602  	dloc	2
               
16 *22   001F  	ld	x	; cout << x << " " << y << endl;
17 *23   FFFD  	dout
18 *24   8023  	ldc	msg	
19 *25   FFF7  	sout
1A *26   0020  	ld	y
1B *27   FFFD  	dout
1C *28   800A  	ldc	'\n'
1D *29   FFFB  	aout
               
1E *30   FFFF  	halt		; end of the program
               	end main
               
               ; GLOBAL VARIABLES
               
1F *31   0001  x:		dw	1
20 *32   0002  y:		dw	2
21 *33   0001  @1:		dw	1
22 *34   0000  @spsave:	dw	0
23 *35   0020  msg:		dw	" "
24 *36   0000
25 *37   ========= end of program.mas ============================


         Symbol/Cross-Reference Table

Symbol                   Address     References
                          (hex)       (hex)

 @f$pi                     0           14 
 main                      C           1F 
 x                         1F          C   16 
 y                         20          D   1A 
 @1                        21          2  
 @spsave                   22          10  12 
 msg                       23          18 

Input file   = program.mas
Output file  = program.mac
List file    = program.lst 
Number base  = decimal
Label status = case sensitive
