Machine-level Assembler Version 6.1    Thu Mar 26 22:53:40 2009

  LOC    OBJ   SOURCE
hex*dec

               ;----------------------------------------------------------
               ; Translate the program 8.41 to assembly language
               ;----------------------------------------------------------
               
               ;--------------------------
               ; void f(int &x)
               ;--------------------------
               
0  *0    4001  @f$pi:	ldr	1	; x++;
1  *1    F100  	ldi
2  *2    2024  	add	@1
3  *3    F300  	push
4  *4    4002  	ldr	2
5  *5    F200  	sti
               
6  *6    4001  	ldr	1	; cout << x << " " << y << endl;
7  *7    F100  	ldi
8  *8    FFFD  	dout
9  *9    800A  	ldc	'\n'
A  *10   FFFB  	aout
               
B  *11   F000  	ret		; return to the caller function
               
               ;--------------------------
               ; main()
               ;--------------------------
               
C  *12   8005  main:	ldc	5	; f(x + y + 5);
D  *13   2020  	add	x
E  *14   2021  	add	y
F  *15   F300  	push
10 *16   F700  	swap
11 *17   1025  	st	@spsave
12 *18   F700  	swap
13 *19   0025  	ld	@spsave
14 *20   F300  	push
15 *21   E000  	call	@f$pi
16 *22   F602  	dloc	2
               
17 *23   0020  	ld	x	; cout << x << " " << y << endl;
18 *24   FFFD  	dout
19 *25   8022  	ldc	msg
1A *26   FFF7  	sout
1B *27   0021  	ld	y
1C *28   FFFD  	dout
1D *29   800A  	ldc	'\n'
1E *30   FFFB  	aout
               
1F *31   FFFF  	halt		; end of the program
               	end main
               
               
               ; GLOBAL VARIABLES
               
20 *32   0001  x:		dw	1
21 *33   0002  y:		dw	2
22 *34   0020  msg:		dw	" "
23 *35   0000
24 *36   0001  @1:		dw	1
25 *37   0000  @spsave:	dw	0
26 *38   ========= end of program.mas ============================


         Symbol/Cross-Reference Table

Symbol                   Address     References
                          (hex)       (hex)

 @f$pi                     0           15 
 main                      C           20 
 x                         20          D   17 
 y                         21          E   1B 
 msg                       22          19 
 @1                        24          2  
 @spsave                   25          11  13 

Input file   = program.mas
Output file  = program.mac
List file    = program.lst 
Number base  = decimal
Label status = case sensitive
