Machine-level Assembler Version 6.1    Sun Mar 15 16:41:21 2009

  LOC    OBJ   SOURCE
hex*dec

               ;---------------------------------------------------------------
               ; Translate the program 7.48 to assembly language
               ;
               ;   Note: It's necessary to remember that the * and ++ have the
               ;	  same precedence and associativity from right to left.
               ;---------------------------------------------------------------
               
               ;----------------------------
               ; void f(int *p)
               ;----------------------------
               
0  *0    4001  f:	ldr	1	; *p++;
1  *1    F100  	ldi
2  *2    4001  	ldr	1
3  *3    2022  	add	@1
4  *4    5001  	str	1
               
5  *5    0021  	ld	x	; cout << x << endl;
6  *6    FFFD  	dout
7  *7    800A  	ldc	'\n'
8  *8    FFFB  	aout
               
9  *9    4001  	ldr	1	; *(p++);
A  *10   2022  	add	@1
B  *11   5001  	str	1
C  *12   F100  	ldi
               
D  *13   0021  	ld	x	; cout << x << endl;
E  *14   FFFD  	dout
F  *15   800A  	ldc	'\n'
10 *16   FFFB  	aout
               
11 *17   4001  	ldr	1	; (*p)++
12 *18   F100  	ldi
13 *19   2022  	add	@1	
14 *20   F300  	push
15 *21   4002  	ldr	2
16 *22   F200  	sti
               	
17 *23   F000  	ret
               
               ;----------------------------
               ; main()
               ;----------------------------
               
               main:
18 *24   8021  	ldc	x	; f(&x);
19 *25   F300  	push
1A *26   E000  	call	f
1B *27   F601  	dloc	1
               
1C *28   0021  	ld	x	; cout << x << endl;
1D *29   FFFD  	dout
1E *30   800A  	ldc	'\n'
1F *31   FFFB  	aout
               
20 *32   FFFF  	halt
               
               	end main
               
               ; GLOBAL VARIABLES
               
21 *33   0001  x:	dw	1
22 *34   0001  @1:	dw	1
               
23 *35   ========= end of program.mas ============================


         Symbol/Cross-Reference Table

Symbol                   Address     References
                          (hex)       (hex)

 f                         0           1A 
 main                      18          21 
 x                         21          5   D   18  1C 
 @1                        22          3   A   13 

Input file   = program.mas
Output file  = program.mac
List file    = program.lst 
Number base  = decimal
Label status = case sensitive
