Machine-level Assembler Version 6.1    Sun Mar 29 20:23:42 2009

  LOC    OBJ   SOURCE
hex*dec

               ;---------------------------------------------------------------
               ; Translate the program 8.59 to assembly language.
               ;---------------------------------------------------------------
               
0  *0    800D  main:	ldc	msg	; cout << "hello\n";
1  *1    FFF7  	sout
               	
2  *2    800A  	ldc	10	; x++ != 10
3  *3    300B  	sub	x
4  *4    100C  	st	res
5  *5    8001  	ldc	1
6  *6    200B  	add	x
7  *7    100B  	st	x
8  *8    000C  	ld	res
9  *9    D000  	jnz	main	
               	
A  *10   FFFF  	halt		; end of the program
               	end main
               
               ; GLOBAL VARIABLES
B  *11   0001  x:	dw	1
C  *12   0000  res:	dw	0
D  *13   0068  msg:	dw	"hello\n"
E  *14   0065
F  *15   006C
10 *16   006C
11 *17   006F
12 *18   000A
13 *19   0000
14 *20   ========= end of program.mas ============================


         Symbol/Cross-Reference Table

Symbol                   Address     References
                          (hex)       (hex)

 main                      0           B   9  
 x                         B           3   6   7  
 res                       C           4   8  
 msg                       D           0  

Input file   = program.mas
Output file  = program.mac
List file    = program.lst 
Number base  = decimal
Label status = case sensitive
