Machine-level Assembler Version 6.1    Sun May  3 20:53:22 2009

  LOC    OBJ   SOURCE
hex*dec

               ;------------------------------------------------
               ; fmain.mas
               ;------------------------------------------------
               
0  *0    8002  main:	ldc	2	; pass poly 2
1  *1    F300  	push
2  *2    E000  	call	poly
3  *3    F601  	dloc	1
4  *4    FFFD  	dout		;output is 15 x 2 squared = 60
5  *5    800A  	ldc	'\n'
6  *6    FFFB  	aout
7  *7    FFFF  	halt
               
               	extern	poly
8  *8    ========= end of fmain.mas ==============================


         Symbol/Cross-Reference Table

Symbol                   Address     References
                          (hex)       (hex)

 main                      0          
 poly                      ext         8   2  

Input file   = fmain.mas
Output file  = fmain.mob
List file    = fmain.lst 
Number base  = decimal
Label status = case sensitive
