Machine-level Assembler Version 6.1    Wed Dec 31 22:29:38 2008

  LOC    OBJ   SOURCE
hex*dec

               ; What happends when the following program is run:
               
0  *0    0003  s:	ld	x
1  *1    3005  	sub	y
2  *2    1003  	st	x
3  *3    0005  x:	ld	y
4  *4    9000  	ja	s
5  *5    0001  y:	dw	1
               
6  *6    ========= end of program.mas ============================


         Symbol/Cross-Reference Table

Symbol                   Address     References
                          (hex)       (hex)

 s                         0           4  
 x                         3           0   2  
 y                         5           1   3  

Input file   = program.mas
Output file  = program.mac
List file    = program.lst 
Number base  = decimal
Label status = case sensitive
