Machine-level Assembler Version 6.1    Tue Dec 16 23:41:56 2008

  LOC    OBJ   SOURCE
hex*dec

0  *0    0004  	ld   x
1  *1    2005  	add  y
2  *2    1015  	st   z
3  *3    FFFF  	halt
4  *4    0055  x:	dw   55h
5  *5    0022  y:	dw   10h dup 22h
15 *21   0000  z:	dw   0
16 *22   ========= end of prog_h.mas =============================


         Symbol/Cross-Reference Table

Symbol                   Address     References
                          (hex)       (hex)

 x                         4           0  
 y                         5           1  
 z                         15          2  

Input file   = prog_h.mas
Output file  = prog_h.mac
List file    = prog_h.lst 
Number base  = decimal
Label status = case sensitive
