Machine-level Assembler Version 6.1    Sun Mar 29 19:40:58 2009

  LOC    OBJ   SOURCE
hex*dec

               ;---------------------------------------------------------
               ; Translate program 8.57 to assembly language.
               ;---------------------------------------------------------
               
0  *0    0012  main:	ld	@11	; x <= 10
1  *1    300A  	sub	x
2  *2    C009  	jz	end_for
               	
3  *3    800B  	ldc	msg	; cout << "hello\n";
4  *4    FFF7  	sout
               	
5  *5    8001  	ldc	1	; x++
6  *6    200A  	add	x
7  *7    100A  	st	x
               
8  *8    9000  	ja	main
               
               end_for:
9  *9    FFFF  	halt		; end of the program
               	end main
               
               ; GLOBAL VARIABLES
               
A  *10   0000  x:	dw	0		; x = 0;
B  *11   0068  msg:	dw	"hello\n"
C  *12   0065
D  *13   006C
E  *14   006C
F  *15   006F
10 *16   000A
11 *17   0000
12 *18   000B  @11:	dw	11
13 *19   ========= end of program.mas ============================


         Symbol/Cross-Reference Table

Symbol                   Address     References
                          (hex)       (hex)

 main                      0           A   8  
 end_for                   9           2  
 x                         A           1   6   7  
 msg                       B           3  
 @11                       12          0  

Input file   = program.mas
Output file  = program.mac
List file    = program.lst 
Number base  = decimal
Label status = case sensitive
