Machine-level Assembler Version 6.1    Thu Apr 30 23:42:42 2009

  LOC    OBJ   SOURCE
hex*dec

               ;---------------------------------------------------------------
               ; Translate the program 9.13 to assembly language.
               ;---------------------------------------------------------------
               
               ;------------------------------
               ; int f()
               ;------------------------------
               
0  *0    801A  @f$v:	ldc	msg_h	; cout << "hello\n";
1  *1    FFF7  	sout
               
2  *2    8001  	ldc	1	; return 1
3  *3    F000  	ret
               
               ;------------------------------
               ; int main()
               ;------------------------------
               
               main:
               			; while(x < 5 && y < 12 && f())
4  *4    8005  while:  ldc 	5	; x < 5
5  *5    3017  	sub 	x
6  *6    C016  	jz	en	
7  *7    B016  	jn	en
               	
8  *8    0018  	ld	y	; y < 12
9  *9    3019  	sub	@12
A  *10   A016  	jzop	en
               	
B  *11   E000  	call	@f$v	; f()
C  *12   C016  	jz	en
               	
               	; WHILE BODY
D  *13   8001  	ldc	1	; x = x + 1;
E  *14   2017  	add	x
F  *15   1017  	st	x
               
10 *16   8001  	ldc	1	; y = y + 2;
11 *17   2018  	add	y
12 *18   1018  	st	y
               
13 *19   8021  	ldc	msg_b	; cout << "bye\n";
14 *20   FFF7  	sout	
               	
15 *21   9004  	ja	while
               
16 *22   FFFF  en:	halt
               	end main
               
               ; GLOBAL VARIABLES
               
17 *23   0000  x:	dw	0
18 *24   0000  y:	dw	0
19 *25   000C  @12:	dw	12
1A *26   0068  msg_h:	dw	"hello\n"
1B *27   0065
1C *28   006C
1D *29   006C
1E *30   006F
1F *31   000A
20 *32   0000
21 *33   0062  msg_b:	dw	"bye\n"
22 *34   0079
23 *35   0065
24 *36   000A
25 *37   0000
26 *38   ========= end of problem.mas ============================


         Symbol/Cross-Reference Table

Symbol                   Address     References
                          (hex)       (hex)

 @f$v                      0           B  
 main                      4           17 
 while                     4           15 
 en                        16          6   7   A   C  
 x                         17          5   E   F  
 y                         18          8   11  12 
 @12                       19          9  
 msg_h                     1A          0  
 msg_b                     21          13 

Input file   = problem.mas
Output file  = problem.mac
List file    = problem.lst 
Number base  = decimal
Label status = case sensitive
