Machine-level Assembler Version 6.1    Wed Dec 24 14:51:52 2008

  LOC    OBJ   SOURCE
hex*dec

               ; What does the output generated by the following program look l
0  *0    8001  	ldc   1
1  *1    F300  	push
2  *2    8002  	ldc   2
3  *3    F300  	push	
4  *4    800F  	ldc   m1
5  *5    FFF7  	sout
6  *6    F400  	pop
7  *7    FFFD  	dout
8  *8    801B  	ldc   m2
9  *9    FFF7  	sout
A  *10   F400  	pop
B  *11   FFFD  	dout
C  *12   800A  	ldc   '\n'
D  *13   FFFB  	aout
E  *14   FFFF  	halt
F  *15   0066  m1:	dw    "first pop ="
10 *16   0069
11 *17   0072
12 *18   0073
13 *19   0074
14 *20   0020
15 *21   0070
16 *22   006F
17 *23   0070
18 *24   0020
19 *25   003D
1A *26   0000
1B *27   000A  m2:	dw    "\nsecond pop ="
1C *28   0073
1D *29   0065
1E *30   0063
1F *31   006F
20 *32   006E
21 *33   0064
22 *34   0020
23 *35   0070
24 *36   006F
25 *37   0070
26 *38   0020
27 *39   003D
28 *40   0000
29 *41   ========= end of push_pop.mas ===========================


         Symbol/Cross-Reference Table

Symbol                   Address     References
                          (hex)       (hex)

 m1                        F           4  
 m2                        1B          8  

Input file   = push_pop.mas
Output file  = push_pop.mac
List file    = push_pop.lst 
Number base  = decimal
Label status = case sensitive
