Machine-level Assembler Version 6.1    Sat Mar  7 20:26:55 2009

  LOC    OBJ   SOURCE
hex*dec

               ;---------------------------------------------------------------
               ; 7.18 Write the assembly language program for Problem 7.33, usi
               ;      in place of the str instruction
               ;---------------------------------------------------------------
               
               ;--------------------------
               ; f()
               ;--------------------------
0  *0    8001  f: 	ldc 1
1  *1    1004  	st  x	
2  *2    FFFD  	dout
3  *3    F000  	ret
               
4  *4    0000  x:   dw 0
               
               ;--------------------------
               ; g()
               ;--------------------------
5  *5    E000  g:	call f
6  *6    F000  	ret
               
               main:
7  *7    E000  	call f
8  *8    E005  	call g
9  *9    FFFF  	halt
               	end main
A  *10   FFFF  	halt
B  *11   ========= end of program.mas ============================


         Symbol/Cross-Reference Table

Symbol                   Address     References
                          (hex)       (hex)

 f                         0           5   7  
 x                         4           1  
 g                         5           8  
 main                      7           A  

Input file   = program.mas
Output file  = program.mac
List file    = program.lst 
Number base  = decimal
Label status = case sensitive
